<?xml version="1.0" encoding="UTF-8"?>
<!-- Generated by org.testng.reporters.JUnitXMLReporter -->
<testsuite hostname="DESKTOP-KC4HO8O" ignored="0" name="Default test" tests="4" failures="0" timestamp="24 Jan 2019 12:59:29 GMT" time="263.766" errors="0">
  <testcase name="verifyMailSend" time="5.527" classname="com.YahooTestBBS.Tests.ComposePageTest"/>
  <testcase name="verifyMailSend" time="2.026" classname="com.YahooTestBBS.Tests.ComposePageTest"/>
  <testcase name="verifyMailSend" time="2.495" classname="com.YahooTestBBS.Tests.ComposePageTest"/>
  <testcase name="verifyMailSend" time="2.381" classname="com.YahooTestBBS.Tests.ComposePageTest"/>
</testsuite> <!-- Default test -->
